<?xml version="1.0" encoding="UTF-8"?>
<!-- Generated by org.testng.reporters.JUnitReportReporter -->
<testsuite skipped="0" hostname="MININT-JEG2FF3" name="testing.test_calculadora" tests="1" failures="0" timestamp="06 jul 2017 19:20:42 GMT" time="247.272" errors="0">
  <testcase name="mytest" time="247.272" classname="testing.test_calculadora"/>
</testsuite> <!-- testing.test_calculadora -->
